
Collecting usage statistics. To deactivate, set browser.gatherUsageStats to false.


  You can now view your Streamlit app in your browser.

  URL: http://0.0.0.0:11000

2025-08-29 14:01:06.712 Uncaught app execution
Traceback (most recent call last):
  File "/opt/sutazaiapp/frontend/venv/lib/python3.12/site-packages/streamlit/runtime/scriptrunner/exec_code.py", line 128, in exec_func_with_error_handling
    result = func()
             ^^^^^^
  File "/opt/sutazaiapp/frontend/venv/lib/python3.12/site-packages/streamlit/runtime/scriptrunner/script_runner.py", line 669, in code_to_exec
    exec(code, module.__dict__)  # noqa: S102
    ^^^^^^^^^^^^^^^^^^^^^^^^^^^
  File "/opt/sutazaiapp/frontend/app.py", line 11, in <module>
    from streamlit_mic_recorder import mic_recorder, speech_to_text
  File "/opt/sutazaiapp/frontend/venv/lib/python3.12/site-packages/streamlit_mic_recorder/__init__.py", line 14, in <module>
    _component_func = components.declare_component("streamlit_mic_recorder", path=build_dir)
                      ^^^^^^^^^^^^^^^^^^^^^^^^^^^^^^^^^^^^^^^^^^^^^^^^^^^^^^^^^^^^^^^^^^^^^^
  File "/opt/sutazaiapp/frontend/venv/lib/python3.12/site-packages/streamlit/components/v1/component_registry.py", line 132, in declare_component
    get_instance().component_registry.register_component(component)
  File "/opt/sutazaiapp/frontend/venv/lib/python3.12/site-packages/streamlit/components/lib/local_component_registry.py", line 52, in register_component
    raise StreamlitAPIException(f"No such component directory: '{abspath}'")
streamlit.errors.StreamlitAPIException: No such component directory: '/opt/sutazaiapp/frontend/venv/lib/python3.12/site-packages/streamlit_mic_recorder/frontend/build'
